<?xml version="1.0" encoding="UTF-8"?>
<coverage generated="1740864876894" clover="3.2.0">
  <project timestamp="1740864876894" name="All files">
    <metrics statements="60" coveredstatements="60" conditionals="26" coveredconditionals="26" methods="14" coveredmethods="14" elements="100" coveredelements="100" complexity="0" loc="60" ncloc="60" packages="1" files="1" classes="1"/>
    <file name="index.ts" path="C:\missionlog\src\index.ts">
      <metrics statements="60" coveredstatements="60" conditionals="26" coveredconditionals="26" methods="14" coveredmethods="14"/>
      <line num="8" count="1" type="cond" truecount="2" falsecount="0"/>
      <line num="9" count="1" type="stmt"/>
      <line num="10" count="1" type="stmt"/>
      <line num="11" count="1" type="stmt"/>
      <line num="12" count="1" type="stmt"/>
      <line num="13" count="1" type="stmt"/>
      <line num="14" count="1" type="stmt"/>
      <line num="17" count="1" type="cond" truecount="2" falsecount="0"/>
      <line num="18" count="1" type="stmt"/>
      <line num="19" count="1" type="stmt"/>
      <line num="20" count="1" type="stmt"/>
      <line num="21" count="1" type="stmt"/>
      <line num="22" count="1" type="stmt"/>
      <line num="23" count="1" type="stmt"/>
      <line num="35" count="1" type="stmt"/>
      <line num="36" count="1" type="stmt"/>
      <line num="38" count="1" type="stmt"/>
      <line num="42" count="6" type="cond" truecount="3" falsecount="0"/>
      <line num="43" count="5" type="stmt"/>
      <line num="45" count="1" type="stmt"/>
      <line num="48" count="1" type="stmt"/>
      <line num="51" count="9" type="stmt"/>
      <line num="56" count="1" type="stmt"/>
      <line num="65" count="1" type="stmt"/>
      <line num="66" count="1" type="stmt"/>
      <line num="67" count="1" type="stmt"/>
      <line num="71" count="18" type="cond" truecount="1" falsecount="0"/>
      <line num="72" count="18" type="stmt"/>
      <line num="73" count="52" type="stmt"/>
      <line num="75" count="52" type="cond" truecount="2" falsecount="0"/>
      <line num="76" count="51" type="stmt"/>
      <line num="78" count="51" type="cond" truecount="2" falsecount="0"/>
      <line num="79" count="15" type="stmt"/>
      <line num="81" count="36" type="stmt"/>
      <line num="82" count="36" type="stmt"/>
      <line num="85" count="1" type="stmt"/>
      <line num="88" count="1" type="stmt"/>
      <line num="89" count="1" type="stmt"/>
      <line num="94" count="18" type="cond" truecount="1" falsecount="0"/>
      <line num="95" count="3" type="stmt"/>
      <line num="98" count="18" type="stmt"/>
      <line num="102" count="27" type="cond" truecount="1" falsecount="0"/>
      <line num="107" count="26" type="cond" truecount="4" falsecount="0"/>
      <line num="108" count="5" type="stmt"/>
      <line num="109" count="5" type="cond" truecount="2" falsecount="0"/>
      <line num="110" count="5" type="stmt"/>
      <line num="112" count="21" type="stmt"/>
      <line num="113" count="21" type="stmt"/>
      <line num="116" count="26" type="cond" truecount="1" falsecount="0"/>
      <line num="118" count="25" type="cond" truecount="4" falsecount="0"/>
      <line num="119" count="25" type="cond" truecount="1" falsecount="0"/>
      <line num="121" count="16" type="stmt"/>
      <line num="125" count="3" type="stmt"/>
      <line num="130" count="2" type="stmt"/>
      <line num="134" count="3" type="stmt"/>
      <line num="138" count="4" type="stmt"/>
      <line num="142" count="11" type="stmt"/>
      <line num="146" count="3" type="stmt"/>
      <line num="150" count="4" type="stmt"/>
      <line num="154" count="1" type="stmt"/>
    </file>
  </project>
</coverage>
