<?xml version="1.0" encoding="UTF-8"?>
<coverage generated="1742669162090" clover="3.2.0">
  <project timestamp="1742669162091" name="All files">
    <metrics statements="166" coveredstatements="166" conditionals="53" coveredconditionals="53" methods="17" coveredmethods="17" elements="236" coveredelements="236" complexity="0" loc="166" ncloc="166" packages="1" files="1" classes="1"/>
    <file name="index.ts" path="/home/ray/missionlog/src/index.ts">
      <metrics statements="166" coveredstatements="166" conditionals="53" coveredconditionals="53" methods="17" coveredmethods="17"/>
      <line num="1" count="1" type="stmt"/>
      <line num="19" count="1" type="cond" truecount="1" falsecount="0"/>
      <line num="20" count="1" type="stmt"/>
      <line num="21" count="1" type="stmt"/>
      <line num="22" count="1" type="stmt"/>
      <line num="23" count="1" type="stmt"/>
      <line num="24" count="1" type="stmt"/>
      <line num="25" count="1" type="stmt"/>
      <line num="28" count="1" type="cond" truecount="1" falsecount="0"/>
      <line num="29" count="1" type="stmt"/>
      <line num="30" count="1" type="stmt"/>
      <line num="31" count="1" type="stmt"/>
      <line num="32" count="1" type="stmt"/>
      <line num="33" count="1" type="stmt"/>
      <line num="34" count="1" type="stmt"/>
      <line num="55" count="1" type="stmt"/>
      <line num="56" count="1" type="stmt"/>
      <line num="62" count="1" type="stmt"/>
      <line num="63" count="1" type="stmt"/>
      <line num="64" count="1" type="stmt"/>
      <line num="65" count="1" type="cond" truecount="1" falsecount="0"/>
      <line num="66" count="16" type="cond" truecount="2" falsecount="0"/>
      <line num="67" count="14" type="stmt"/>
      <line num="68" count="14" type="cond" truecount="1" falsecount="0"/>
      <line num="69" count="2" type="stmt"/>
      <line num="70" count="16" type="stmt"/>
      <line num="71" count="1" type="cond" truecount="1" falsecount="0"/>
      <line num="72" count="3" type="stmt"/>
      <line num="73" count="3" type="stmt"/>
      <line num="74" count="1" type="cond" truecount="1" falsecount="0"/>
      <line num="75" count="22" type="stmt"/>
      <line num="76" count="22" type="stmt"/>
      <line num="77" count="1" type="stmt"/>
      <line num="78" count="1" type="stmt"/>
      <line num="81" count="1" type="stmt"/>
      <line num="82" count="1" type="stmt"/>
      <line num="83" count="1" type="stmt"/>
      <line num="84" count="1" type="stmt"/>
      <line num="85" count="1" type="stmt"/>
      <line num="86" count="1" type="stmt"/>
      <line num="87" count="1" type="stmt"/>
      <line num="88" count="1" type="stmt"/>
      <line num="91" count="1" type="stmt"/>
      <line num="92" count="1" type="stmt"/>
      <line num="93" count="1" type="stmt"/>
      <line num="94" count="1" type="stmt"/>
      <line num="95" count="1" type="stmt"/>
      <line num="96" count="1" type="stmt"/>
      <line num="97" count="1" type="stmt"/>
      <line num="98" count="1" type="stmt"/>
      <line num="100" count="1" type="cond" truecount="1" falsecount="0"/>
      <line num="101" count="1" type="stmt"/>
      <line num="102" count="1" type="stmt"/>
      <line num="103" count="1" type="stmt"/>
      <line num="104" count="1" type="stmt"/>
      <line num="105" count="1" type="stmt"/>
      <line num="112" count="1" type="cond" truecount="1" falsecount="0"/>
      <line num="114" count="33" type="stmt"/>
      <line num="116" count="33" type="cond" truecount="1" falsecount="0"/>
      <line num="117" count="32" type="cond" truecount="1" falsecount="0"/>
      <line num="118" count="99" type="stmt"/>
      <line num="119" count="99" type="stmt"/>
      <line num="120" count="99" type="stmt"/>
      <line num="121" count="32" type="stmt"/>
      <line num="123" count="33" type="cond" truecount="1" falsecount="0"/>
      <line num="124" count="3" type="stmt"/>
      <line num="125" count="3" type="stmt"/>
      <line num="127" count="33" type="stmt"/>
      <line num="128" count="33" type="stmt"/>
      <line num="135" count="1" type="cond" truecount="1" falsecount="0"/>
      <line num="137" count="99" type="stmt"/>
      <line num="139" count="99" type="cond" truecount="1" falsecount="0"/>
      <line num="140" count="98" type="cond" truecount="1" falsecount="0"/>
      <line num="141" count="28" type="stmt"/>
      <line num="142" count="98" type="cond" truecount="1" falsecount="0"/>
      <line num="143" count="70" type="stmt"/>
      <line num="144" count="70" type="stmt"/>
      <line num="145" count="70" type="stmt"/>
      <line num="146" count="99" type="cond" truecount="1" falsecount="0"/>
      <line num="147" count="1" type="stmt"/>
      <line num="148" count="1" type="stmt"/>
      <line num="149" count="1" type="stmt"/>
      <line num="151" count="1" type="stmt"/>
      <line num="152" count="1" type="stmt"/>
      <line num="153" count="1" type="stmt"/>
      <line num="154" count="99" type="stmt"/>
      <line num="160" count="1" type="cond" truecount="1" falsecount="0"/>
      <line num="161" count="2" type="stmt"/>
      <line num="162" count="2" type="stmt"/>
      <line num="163" count="2" type="stmt"/>
      <line num="170" count="1" type="cond" truecount="1" falsecount="0"/>
      <line num="172" count="41" type="cond" truecount="1" falsecount="0"/>
      <line num="173" count="41" type="cond" truecount="1" falsecount="0"/>
      <line num="174" count="1" type="stmt"/>
      <line num="175" count="1" type="cond" truecount="1" falsecount="0"/>
      <line num="177" count="41" type="cond" truecount="2" falsecount="0"/>
      <line num="178" count="41" type="stmt"/>
      <line num="181" count="41" type="stmt"/>
      <line num="182" count="41" type="stmt"/>
      <line num="183" count="41" type="stmt"/>
      <line num="188" count="1" type="cond" truecount="1" falsecount="0"/>
      <line num="189" count="32" type="cond" truecount="3" falsecount="0"/>
      <line num="190" count="31" type="cond" truecount="2" falsecount="0"/>
      <line num="192" count="30" type="stmt"/>
      <line num="193" count="30" type="stmt"/>
      <line num="196" count="32" type="cond" truecount="1" falsecount="0"/>
      <line num="197" count="9" type="stmt"/>
      <line num="198" count="9" type="cond" truecount="1" falsecount="0"/>
      <line num="199" count="9" type="stmt"/>
      <line num="200" count="32" type="cond" truecount="1" falsecount="0"/>
      <line num="201" count="21" type="stmt"/>
      <line num="202" count="21" type="cond" truecount="1" falsecount="0"/>
      <line num="205" count="32" type="cond" truecount="2" falsecount="0"/>
      <line num="206" count="28" type="cond" truecount="2" falsecount="0"/>
      <line num="209" count="19" type="cond" truecount="1" falsecount="0"/>
      <line num="210" count="19" type="stmt"/>
      <line num="213" count="32" type="cond" truecount="1" falsecount="0"/>
      <line num="214" count="17" type="stmt"/>
      <line num="215" count="17" type="cond" truecount="1" falsecount="0"/>
      <line num="218" count="32" type="cond" truecount="1" falsecount="0"/>
      <line num="219" count="2" type="stmt"/>
      <line num="220" count="2" type="stmt"/>
      <line num="221" count="2" type="stmt"/>
      <line num="222" count="2" type="stmt"/>
      <line num="223" count="2" type="stmt"/>
      <line num="224" count="2" type="stmt"/>
      <line num="225" count="2" type="stmt"/>
      <line num="226" count="2" type="stmt"/>
      <line num="227" count="32" type="stmt"/>
      <line num="233" count="1" type="cond" truecount="1" falsecount="0"/>
      <line num="234" count="4" type="stmt"/>
      <line num="235" count="4" type="stmt"/>
      <line num="236" count="4" type="stmt"/>
      <line num="242" count="1" type="cond" truecount="1" falsecount="0"/>
      <line num="243" count="4" type="stmt"/>
      <line num="244" count="4" type="stmt"/>
      <line num="245" count="4" type="stmt"/>
      <line num="251" count="1" type="cond" truecount="1" falsecount="0"/>
      <line num="252" count="16" type="stmt"/>
      <line num="253" count="16" type="stmt"/>
      <line num="254" count="16" type="stmt"/>
      <line num="260" count="1" type="cond" truecount="1" falsecount="0"/>
      <line num="261" count="1" type="stmt"/>
      <line num="262" count="1" type="stmt"/>
      <line num="263" count="1" type="stmt"/>
      <line num="269" count="1" type="cond" truecount="1" falsecount="0"/>
      <line num="270" count="3" type="stmt"/>
      <line num="271" count="3" type="stmt"/>
      <line num="272" count="3" type="stmt"/>
      <line num="278" count="1" type="cond" truecount="1" falsecount="0"/>
      <line num="279" count="4" type="stmt"/>
      <line num="280" count="4" type="stmt"/>
      <line num="281" count="4" type="stmt"/>
      <line num="288" count="1" type="cond" truecount="1" falsecount="0"/>
      <line num="289" count="14" type="stmt"/>
      <line num="290" count="14" type="cond" truecount="2" falsecount="0"/>
      <line num="291" count="13" type="stmt"/>
      <line num="292" count="14" type="stmt"/>
      <line num="297" count="1" type="cond" truecount="1" falsecount="0"/>
      <line num="298" count="2" type="stmt"/>
      <line num="299" count="2" type="stmt"/>
      <line num="300" count="2" type="stmt"/>
      <line num="301" count="2" type="stmt"/>
      <line num="302" count="2" type="stmt"/>
      <line num="303" count="1" type="stmt"/>
      <line num="305" count="1" type="stmt"/>
    </file>
  </project>
</coverage>
