{"/home/ray/missionlog/src/index.ts": {"path":"/home/ray/missionlog/src/index.ts","all":false,"statementMap":{"0":{"start":{"line":1,"column":0},"end":{"line":1,"column":3}},"18":{"start":{"line":19,"column":0},"end":{"line":19,"column":12}},"19":{"start":{"line":20,"column":0},"end":{"line":20,"column":12}},"20":{"start":{"line":21,"column":0},"end":{"line":21,"column":8}},"21":{"start":{"line":22,"column":0},"end":{"line":22,"column":7}},"22":{"start":{"line":23,"column":0},"end":{"line":23,"column":7}},"23":{"start":{"line":24,"column":0},"end":{"line":24,"column":8}},"24":{"start":{"line":25,"column":0},"end":{"line":25,"column":6}},"27":{"start":{"line":28,"column":0},"end":{"line":28,"column":22}},"28":{"start":{"line":29,"column":0},"end":{"line":29,"column":18}},"29":{"start":{"line":30,"column":0},"end":{"line":30,"column":18}},"30":{"start":{"line":31,"column":0},"end":{"line":31,"column":16}},"31":{"start":{"line":32,"column":0},"end":{"line":32,"column":16}},"32":{"start":{"line":33,"column":0},"end":{"line":33,"column":18}},"33":{"start":{"line":34,"column":0},"end":{"line":34,"column":14}},"54":{"start":{"line":55,"column":0},"end":{"line":55,"column":31}},"55":{"start":{"line":56,"column":0},"end":{"line":56,"column":38}},"61":{"start":{"line":62,"column":0},"end":{"line":62,"column":53}},"62":{"start":{"line":63,"column":0},"end":{"line":63,"column":5}},"63":{"start":{"line":64,"column":0},"end":{"line":64,"column":3}},"64":{"start":{"line":65,"column":0},"end":{"line":65,"column":26}},"65":{"start":{"line":66,"column":0},"end":{"line":66,"column":62}},"66":{"start":{"line":67,"column":0},"end":{"line":67,"column":20}},"67":{"start":{"line":68,"column":0},"end":{"line":68,"column":7}},"68":{"start":{"line":69,"column":0},"end":{"line":69,"column":23}},"69":{"start":{"line":70,"column":0},"end":{"line":70,"column":6}},"70":{"start":{"line":71,"column":0},"end":{"line":71,"column":15}},"71":{"start":{"line":72,"column":0},"end":{"line":72,"column":37}},"72":{"start":{"line":73,"column":0},"end":{"line":73,"column":6}},"73":{"start":{"line":74,"column":0},"end":{"line":74,"column":32}},"74":{"start":{"line":75,"column":0},"end":{"line":75,"column":54}},"75":{"start":{"line":76,"column":0},"end":{"line":76,"column":6}},"76":{"start":{"line":77,"column":0},"end":{"line":77,"column":4}},"77":{"start":{"line":78,"column":0},"end":{"line":78,"column":2}},"80":{"start":{"line":81,"column":0},"end":{"line":81,"column":51}},"81":{"start":{"line":82,"column":0},"end":{"line":82,"column":25}},"82":{"start":{"line":83,"column":0},"end":{"line":83,"column":25}},"83":{"start":{"line":84,"column":0},"end":{"line":84,"column":23}},"84":{"start":{"line":85,"column":0},"end":{"line":85,"column":23}},"85":{"start":{"line":86,"column":0},"end":{"line":86,"column":25}},"86":{"start":{"line":87,"column":0},"end":{"line":87,"column":21}},"87":{"start":{"line":88,"column":0},"end":{"line":88,"column":3}},"90":{"start":{"line":91,"column":0},"end":{"line":91,"column":54}},"91":{"start":{"line":92,"column":0},"end":{"line":92,"column":25}},"92":{"start":{"line":93,"column":0},"end":{"line":93,"column":25}},"93":{"start":{"line":94,"column":0},"end":{"line":94,"column":23}},"94":{"start":{"line":95,"column":0},"end":{"line":95,"column":23}},"95":{"start":{"line":96,"column":0},"end":{"line":96,"column":25}},"96":{"start":{"line":97,"column":0},"end":{"line":97,"column":21}},"97":{"start":{"line":98,"column":0},"end":{"line":98,"column":3}},"99":{"start":{"line":100,"column":0},"end":{"line":100,"column":18}},"100":{"start":{"line":101,"column":0},"end":{"line":101,"column":44}},"101":{"start":{"line":102,"column":0},"end":{"line":102,"column":60}},"102":{"start":{"line":103,"column":0},"end":{"line":103,"column":60}},"103":{"start":{"line":104,"column":0},"end":{"line":104,"column":43}},"104":{"start":{"line":105,"column":0},"end":{"line":105,"column":52}},"111":{"start":{"line":112,"column":0},"end":{"line":112,"column":90}},"113":{"start":{"line":114,"column":0},"end":{"line":114,"column":29}},"115":{"start":{"line":116,"column":0},"end":{"line":116,"column":17}},"116":{"start":{"line":117,"column":0},"end":{"line":117,"column":33}},"117":{"start":{"line":118,"column":0},"end":{"line":118,"column":52}},"118":{"start":{"line":119,"column":0},"end":{"line":119,"column":41}},"119":{"start":{"line":120,"column":0},"end":{"line":120,"column":7}},"120":{"start":{"line":121,"column":0},"end":{"line":121,"column":5}},"122":{"start":{"line":123,"column":0},"end":{"line":123,"column":33}},"123":{"start":{"line":124,"column":0},"end":{"line":124,"column":32}},"124":{"start":{"line":125,"column":0},"end":{"line":125,"column":5}},"126":{"start":{"line":127,"column":0},"end":{"line":127,"column":16}},"127":{"start":{"line":128,"column":0},"end":{"line":128,"column":3}},"134":{"start":{"line":135,"column":0},"end":{"line":135,"column":66}},"136":{"start":{"line":137,"column":0},"end":{"line":137,"column":49}},"138":{"start":{"line":139,"column":0},"end":{"line":139,"column":30}},"139":{"start":{"line":140,"column":0},"end":{"line":140,"column":32}},"140":{"start":{"line":141,"column":0},"end":{"line":141,"column":35}},"141":{"start":{"line":142,"column":0},"end":{"line":142,"column":14}},"142":{"start":{"line":143,"column":0},"end":{"line":143,"column":41}},"143":{"start":{"line":144,"column":0},"end":{"line":144,"column":29}},"144":{"start":{"line":145,"column":0},"end":{"line":145,"column":7}},"145":{"start":{"line":146,"column":0},"end":{"line":146,"column":12}},"146":{"start":{"line":147,"column":0},"end":{"line":147,"column":19}},"147":{"start":{"line":148,"column":0},"end":{"line":148,"column":118}},"148":{"start":{"line":149,"column":0},"end":{"line":149,"column":8}},"150":{"start":{"line":151,"column":0},"end":{"line":151,"column":45}},"151":{"start":{"line":152,"column":0},"end":{"line":152,"column":27}},"152":{"start":{"line":153,"column":0},"end":{"line":153,"column":5}},"153":{"start":{"line":154,"column":0},"end":{"line":154,"column":3}},"159":{"start":{"line":160,"column":0},"end":{"line":160,"column":60}},"160":{"start":{"line":161,"column":0},"end":{"line":161,"column":38}},"161":{"start":{"line":162,"column":0},"end":{"line":162,"column":16}},"162":{"start":{"line":163,"column":0},"end":{"line":163,"column":3}},"169":{"start":{"line":170,"column":0},"end":{"line":170,"column":58}},"171":{"start":{"line":172,"column":0},"end":{"line":172,"column":54}},"172":{"start":{"line":173,"column":0},"end":{"line":173,"column":41}},"173":{"start":{"line":174,"column":0},"end":{"line":174,"column":45}},"174":{"start":{"line":175,"column":0},"end":{"line":175,"column":5}},"176":{"start":{"line":177,"column":0},"end":{"line":177,"column":90}},"177":{"start":{"line":178,"column":0},"end":{"line":178,"column":46}},"180":{"start":{"line":181,"column":0},"end":{"line":181,"column":46}},"181":{"start":{"line":182,"column":0},"end":{"line":182,"column":21}},"182":{"start":{"line":183,"column":0},"end":{"line":183,"column":3}},"187":{"start":{"line":188,"column":0},"end":{"line":188,"column":90}},"188":{"start":{"line":189,"column":0},"end":{"line":189,"column":59}},"189":{"start":{"line":190,"column":0},"end":{"line":190,"column":43}},"191":{"start":{"line":192,"column":0},"end":{"line":192,"column":25}},"192":{"start":{"line":193,"column":0},"end":{"line":193,"column":25}},"195":{"start":{"line":196,"column":0},"end":{"line":196,"column":76}},"196":{"start":{"line":197,"column":0},"end":{"line":197,"column":25}},"197":{"start":{"line":198,"column":0},"end":{"line":198,"column":40}},"198":{"start":{"line":199,"column":0},"end":{"line":199,"column":47}},"199":{"start":{"line":200,"column":0},"end":{"line":200,"column":12}},"200":{"start":{"line":201,"column":0},"end":{"line":201,"column":29}},"201":{"start":{"line":202,"column":0},"end":{"line":202,"column":5}},"204":{"start":{"line":205,"column":0},"end":{"line":205,"column":56}},"205":{"start":{"line":206,"column":0},"end":{"line":206,"column":45}},"208":{"start":{"line":209,"column":0},"end":{"line":209,"column":79}},"209":{"start":{"line":210,"column":0},"end":{"line":210,"column":47}},"212":{"start":{"line":213,"column":0},"end":{"line":213,"column":25}},"213":{"start":{"line":214,"column":0},"end":{"line":214,"column":61}},"214":{"start":{"line":215,"column":0},"end":{"line":215,"column":5}},"217":{"start":{"line":218,"column":0},"end":{"line":218,"column":33}},"218":{"start":{"line":219,"column":0},"end":{"line":219,"column":30}},"219":{"start":{"line":220,"column":0},"end":{"line":220,"column":24}},"220":{"start":{"line":221,"column":0},"end":{"line":221,"column":12}},"221":{"start":{"line":222,"column":0},"end":{"line":222,"column":39}},"222":{"start":{"line":223,"column":0},"end":{"line":223,"column":31}},"223":{"start":{"line":224,"column":0},"end":{"line":224,"column":30}},"224":{"start":{"line":225,"column":0},"end":{"line":225,"column":9}},"225":{"start":{"line":226,"column":0},"end":{"line":226,"column":5}},"226":{"start":{"line":227,"column":0},"end":{"line":227,"column":3}},"232":{"start":{"line":233,"column":0},"end":{"line":233,"column":76}},"233":{"start":{"line":234,"column":0},"end":{"line":234,"column":60}},"234":{"start":{"line":235,"column":0},"end":{"line":235,"column":16}},"235":{"start":{"line":236,"column":0},"end":{"line":236,"column":3}},"241":{"start":{"line":242,"column":0},"end":{"line":242,"column":76}},"242":{"start":{"line":243,"column":0},"end":{"line":243,"column":60}},"243":{"start":{"line":244,"column":0},"end":{"line":244,"column":16}},"244":{"start":{"line":245,"column":0},"end":{"line":245,"column":3}},"250":{"start":{"line":251,"column":0},"end":{"line":251,"column":75}},"251":{"start":{"line":252,"column":0},"end":{"line":252,"column":59}},"252":{"start":{"line":253,"column":0},"end":{"line":253,"column":16}},"253":{"start":{"line":254,"column":0},"end":{"line":254,"column":3}},"259":{"start":{"line":260,"column":0},"end":{"line":260,"column":74}},"260":{"start":{"line":261,"column":0},"end":{"line":261,"column":59}},"261":{"start":{"line":262,"column":0},"end":{"line":262,"column":16}},"262":{"start":{"line":263,"column":0},"end":{"line":263,"column":3}},"268":{"start":{"line":269,"column":0},"end":{"line":269,"column":76}},"269":{"start":{"line":270,"column":0},"end":{"line":270,"column":60}},"270":{"start":{"line":271,"column":0},"end":{"line":271,"column":16}},"271":{"start":{"line":272,"column":0},"end":{"line":272,"column":3}},"277":{"start":{"line":278,"column":0},"end":{"line":278,"column":75}},"278":{"start":{"line":279,"column":0},"end":{"line":279,"column":59}},"279":{"start":{"line":280,"column":0},"end":{"line":280,"column":16}},"280":{"start":{"line":281,"column":0},"end":{"line":281,"column":3}},"287":{"start":{"line":288,"column":0},"end":{"line":288,"column":81}},"288":{"start":{"line":289,"column":0},"end":{"line":289,"column":53}},"289":{"start":{"line":290,"column":0},"end":{"line":290,"column":49}},"290":{"start":{"line":291,"column":0},"end":{"line":291,"column":46}},"291":{"start":{"line":292,"column":0},"end":{"line":292,"column":3}},"296":{"start":{"line":297,"column":0},"end":{"line":297,"column":24}},"297":{"start":{"line":298,"column":0},"end":{"line":298,"column":29}},"298":{"start":{"line":299,"column":0},"end":{"line":299,"column":29}},"299":{"start":{"line":300,"column":0},"end":{"line":300,"column":36}},"300":{"start":{"line":301,"column":0},"end":{"line":301,"column":16}},"301":{"start":{"line":302,"column":0},"end":{"line":302,"column":3}},"302":{"start":{"line":303,"column":0},"end":{"line":303,"column":1}},"304":{"start":{"line":305,"column":0},"end":{"line":305,"column":29}}},"s":{"0":1,"18":1,"19":1,"20":1,"21":1,"22":1,"23":1,"24":1,"27":1,"28":1,"29":1,"30":1,"31":1,"32":1,"33":1,"54":1,"55":1,"61":1,"62":1,"63":1,"64":1,"65":16,"66":14,"67":14,"68":2,"69":16,"70":1,"71":3,"72":3,"73":1,"74":22,"75":22,"76":1,"77":1,"80":1,"81":1,"82":1,"83":1,"84":1,"85":1,"86":1,"87":1,"90":1,"91":1,"92":1,"93":1,"94":1,"95":1,"96":1,"97":1,"99":1,"100":1,"101":1,"102":1,"103":1,"104":1,"111":1,"113":33,"115":33,"116":32,"117":99,"118":99,"119":99,"120":32,"122":33,"123":3,"124":3,"126":33,"127":33,"134":1,"136":99,"138":99,"139":98,"140":28,"141":98,"142":70,"143":70,"144":70,"145":99,"146":1,"147":1,"148":1,"150":1,"151":1,"152":1,"153":99,"159":1,"160":2,"161":2,"162":2,"169":1,"171":41,"172":41,"173":1,"174":1,"176":41,"177":41,"180":41,"181":41,"182":41,"187":1,"188":32,"189":31,"191":30,"192":30,"195":32,"196":9,"197":9,"198":9,"199":32,"200":21,"201":21,"204":32,"205":28,"208":19,"209":19,"212":32,"213":17,"214":17,"217":32,"218":2,"219":2,"220":2,"221":2,"222":2,"223":2,"224":2,"225":2,"226":32,"232":1,"233":4,"234":4,"235":4,"241":1,"242":4,"243":4,"244":4,"250":1,"251":16,"252":16,"253":16,"259":1,"260":1,"261":1,"262":1,"268":1,"269":3,"270":3,"271":3,"277":1,"278":4,"279":4,"280":4,"287":1,"288":14,"289":14,"290":13,"291":14,"296":1,"297":2,"298":2,"299":2,"300":2,"301":2,"302":1,"304":1},"branchMap":{"0":{"type":"branch","line":19,"loc":{"start":{"line":19,"column":0},"end":{"line":19,"column":12}},"locations":[{"start":{"line":19,"column":0},"end":{"line":19,"column":12}}]},"1":{"type":"branch","line":28,"loc":{"start":{"line":28,"column":7},"end":{"line":28,"column":22}},"locations":[{"start":{"line":28,"column":7},"end":{"line":28,"column":22}}]},"2":{"type":"branch","line":65,"loc":{"start":{"line":65,"column":4},"end":{"line":70,"column":6}},"locations":[{"start":{"line":65,"column":4},"end":{"line":70,"column":6}}]},"3":{"type":"branch","line":66,"loc":{"start":{"line":66,"column":26},"end":{"line":66,"column":61}},"locations":[{"start":{"line":66,"column":26},"end":{"line":66,"column":61}}]},"4":{"type":"branch","line":66,"loc":{"start":{"line":66,"column":61},"end":{"line":68,"column":7}},"locations":[{"start":{"line":66,"column":61},"end":{"line":68,"column":7}}]},"5":{"type":"branch","line":68,"loc":{"start":{"line":68,"column":6},"end":{"line":69,"column":23}},"locations":[{"start":{"line":68,"column":6},"end":{"line":69,"column":23}}]},"6":{"type":"branch","line":71,"loc":{"start":{"line":71,"column":4},"end":{"line":73,"column":6}},"locations":[{"start":{"line":71,"column":4},"end":{"line":73,"column":6}}]},"7":{"type":"branch","line":74,"loc":{"start":{"line":74,"column":4},"end":{"line":76,"column":6}},"locations":[{"start":{"line":74,"column":4},"end":{"line":76,"column":6}}]},"8":{"type":"branch","line":100,"loc":{"start":{"line":100,"column":17},"end":{"line":303,"column":1}},"locations":[{"start":{"line":100,"column":17},"end":{"line":303,"column":1}}]},"9":{"type":"branch","line":112,"loc":{"start":{"line":112,"column":2},"end":{"line":128,"column":3}},"locations":[{"start":{"line":112,"column":2},"end":{"line":128,"column":3}}]},"10":{"type":"branch","line":116,"loc":{"start":{"line":116,"column":16},"end":{"line":121,"column":5}},"locations":[{"start":{"line":116,"column":16},"end":{"line":121,"column":5}}]},"11":{"type":"branch","line":117,"loc":{"start":{"line":117,"column":32},"end":{"line":120,"column":7}},"locations":[{"start":{"line":117,"column":32},"end":{"line":120,"column":7}}]},"12":{"type":"branch","line":123,"loc":{"start":{"line":123,"column":32},"end":{"line":125,"column":5}},"locations":[{"start":{"line":123,"column":32},"end":{"line":125,"column":5}}]},"13":{"type":"branch","line":135,"loc":{"start":{"line":135,"column":10},"end":{"line":154,"column":3}},"locations":[{"start":{"line":135,"column":10},"end":{"line":154,"column":3}}]},"14":{"type":"branch","line":139,"loc":{"start":{"line":139,"column":29},"end":{"line":146,"column":11}},"locations":[{"start":{"line":139,"column":29},"end":{"line":146,"column":11}}]},"15":{"type":"branch","line":140,"loc":{"start":{"line":140,"column":31},"end":{"line":142,"column":13}},"locations":[{"start":{"line":140,"column":31},"end":{"line":142,"column":13}}]},"16":{"type":"branch","line":142,"loc":{"start":{"line":142,"column":6},"end":{"line":145,"column":7}},"locations":[{"start":{"line":142,"column":6},"end":{"line":145,"column":7}}]},"17":{"type":"branch","line":146,"loc":{"start":{"line":146,"column":4},"end":{"line":153,"column":5}},"locations":[{"start":{"line":146,"column":4},"end":{"line":153,"column":5}}]},"18":{"type":"branch","line":160,"loc":{"start":{"line":160,"column":2},"end":{"line":163,"column":3}},"locations":[{"start":{"line":160,"column":2},"end":{"line":163,"column":3}}]},"19":{"type":"branch","line":170,"loc":{"start":{"line":170,"column":10},"end":{"line":183,"column":3}},"locations":[{"start":{"line":170,"column":10},"end":{"line":183,"column":3}}]},"20":{"type":"branch","line":172,"loc":{"start":{"line":172,"column":33},"end":{"line":172,"column":51}},"locations":[{"start":{"line":172,"column":33},"end":{"line":172,"column":51}}]},"21":{"type":"branch","line":173,"loc":{"start":{"line":173,"column":40},"end":{"line":175,"column":5}},"locations":[{"start":{"line":173,"column":40},"end":{"line":175,"column":5}}]},"22":{"type":"branch","line":175,"loc":{"start":{"line":175,"column":4},"end":{"line":177,"column":55}},"locations":[{"start":{"line":175,"column":4},"end":{"line":177,"column":55}}]},"23":{"type":"branch","line":177,"loc":{"start":{"line":177,"column":48},"end":{"line":177,"column":66}},"locations":[{"start":{"line":177,"column":48},"end":{"line":177,"column":66}}]},"24":{"type":"branch","line":177,"loc":{"start":{"line":177,"column":66},"end":{"line":177,"column":90}},"locations":[{"start":{"line":177,"column":66},"end":{"line":177,"column":90}}]},"25":{"type":"branch","line":188,"loc":{"start":{"line":188,"column":10},"end":{"line":227,"column":3}},"locations":[{"start":{"line":188,"column":10},"end":{"line":227,"column":3}}]},"26":{"type":"branch","line":189,"loc":{"start":{"line":189,"column":14},"end":{"line":189,"column":52}},"locations":[{"start":{"line":189,"column":14},"end":{"line":189,"column":52}}]},"27":{"type":"branch","line":189,"loc":{"start":{"line":189,"column":52},"end":{"line":189,"column":59}},"locations":[{"start":{"line":189,"column":52},"end":{"line":189,"column":59}}]},"28":{"type":"branch","line":189,"loc":{"start":{"line":189,"column":52},"end":{"line":190,"column":43}},"locations":[{"start":{"line":189,"column":52},"end":{"line":190,"column":43}}]},"29":{"type":"branch","line":190,"loc":{"start":{"line":190,"column":36},"end":{"line":190,"column":43}},"locations":[{"start":{"line":190,"column":36},"end":{"line":190,"column":43}}]},"30":{"type":"branch","line":190,"loc":{"start":{"line":190,"column":36},"end":{"line":196,"column":75}},"locations":[{"start":{"line":190,"column":36},"end":{"line":196,"column":75}}]},"31":{"type":"branch","line":196,"loc":{"start":{"line":196,"column":75},"end":{"line":200,"column":11}},"locations":[{"start":{"line":196,"column":75},"end":{"line":200,"column":11}}]},"32":{"type":"branch","line":198,"loc":{"start":{"line":198,"column":32},"end":{"line":198,"column":40}},"locations":[{"start":{"line":198,"column":32},"end":{"line":198,"column":40}}]},"33":{"type":"branch","line":200,"loc":{"start":{"line":200,"column":4},"end":{"line":202,"column":5}},"locations":[{"start":{"line":200,"column":4},"end":{"line":202,"column":5}}]},"34":{"type":"branch","line":202,"loc":{"start":{"line":202,"column":4},"end":{"line":205,"column":49}},"locations":[{"start":{"line":202,"column":4},"end":{"line":205,"column":49}}]},"35":{"type":"branch","line":205,"loc":{"start":{"line":205,"column":49},"end":{"line":205,"column":56}},"locations":[{"start":{"line":205,"column":49},"end":{"line":205,"column":56}}]},"36":{"type":"branch","line":205,"loc":{"start":{"line":205,"column":49},"end":{"line":206,"column":45}},"locations":[{"start":{"line":205,"column":49},"end":{"line":206,"column":45}}]},"37":{"type":"branch","line":206,"loc":{"start":{"line":206,"column":38},"end":{"line":206,"column":45}},"locations":[{"start":{"line":206,"column":38},"end":{"line":206,"column":45}}]},"38":{"type":"branch","line":206,"loc":{"start":{"line":206,"column":38},"end":{"line":213,"column":24}},"locations":[{"start":{"line":206,"column":38},"end":{"line":213,"column":24}}]},"39":{"type":"branch","line":213,"loc":{"start":{"line":213,"column":24},"end":{"line":215,"column":5}},"locations":[{"start":{"line":213,"column":24},"end":{"line":215,"column":5}}]},"40":{"type":"branch","line":215,"loc":{"start":{"line":215,"column":4},"end":{"line":218,"column":32}},"locations":[{"start":{"line":215,"column":4},"end":{"line":218,"column":32}}]},"41":{"type":"branch","line":218,"loc":{"start":{"line":218,"column":32},"end":{"line":226,"column":5}},"locations":[{"start":{"line":218,"column":32},"end":{"line":226,"column":5}}]},"42":{"type":"branch","line":209,"loc":{"start":{"line":209,"column":49},"end":{"line":209,"column":77}},"locations":[{"start":{"line":209,"column":49},"end":{"line":209,"column":77}}]},"43":{"type":"branch","line":233,"loc":{"start":{"line":233,"column":9},"end":{"line":236,"column":3}},"locations":[{"start":{"line":233,"column":9},"end":{"line":236,"column":3}}]},"44":{"type":"branch","line":242,"loc":{"start":{"line":242,"column":9},"end":{"line":245,"column":3}},"locations":[{"start":{"line":242,"column":9},"end":{"line":245,"column":3}}]},"45":{"type":"branch","line":251,"loc":{"start":{"line":251,"column":9},"end":{"line":254,"column":3}},"locations":[{"start":{"line":251,"column":9},"end":{"line":254,"column":3}}]},"46":{"type":"branch","line":260,"loc":{"start":{"line":260,"column":9},"end":{"line":263,"column":3}},"locations":[{"start":{"line":260,"column":9},"end":{"line":263,"column":3}}]},"47":{"type":"branch","line":269,"loc":{"start":{"line":269,"column":9},"end":{"line":272,"column":3}},"locations":[{"start":{"line":269,"column":9},"end":{"line":272,"column":3}}]},"48":{"type":"branch","line":278,"loc":{"start":{"line":278,"column":9},"end":{"line":281,"column":3}},"locations":[{"start":{"line":278,"column":9},"end":{"line":281,"column":3}}]},"49":{"type":"branch","line":288,"loc":{"start":{"line":288,"column":9},"end":{"line":292,"column":3}},"locations":[{"start":{"line":288,"column":9},"end":{"line":292,"column":3}}]},"50":{"type":"branch","line":290,"loc":{"start":{"line":290,"column":36},"end":{"line":290,"column":49}},"locations":[{"start":{"line":290,"column":36},"end":{"line":290,"column":49}}]},"51":{"type":"branch","line":290,"loc":{"start":{"line":290,"column":43},"end":{"line":291,"column":46}},"locations":[{"start":{"line":290,"column":43},"end":{"line":291,"column":46}}]},"52":{"type":"branch","line":297,"loc":{"start":{"line":297,"column":9},"end":{"line":302,"column":3}},"locations":[{"start":{"line":297,"column":9},"end":{"line":302,"column":3}}]}},"b":{"0":[1],"1":[1],"2":[16],"3":[15],"4":[14],"5":[2],"6":[3],"7":[22],"8":[1],"9":[33],"10":[32],"11":[99],"12":[3],"13":[99],"14":[98],"15":[28],"16":[70],"17":[1],"18":[2],"19":[41],"20":[21],"21":[1],"22":[40],"23":[21],"24":[31],"25":[32],"26":[3],"27":[1],"28":[31],"29":[1],"30":[30],"31":[9],"32":[2],"33":[21],"34":[30],"35":[2],"36":[28],"37":[9],"38":[19],"39":[17],"40":[18],"41":[2],"42":[11],"43":[4],"44":[4],"45":[16],"46":[1],"47":[3],"48":[4],"49":[14],"50":[1],"51":[13],"52":[2]},"fnMap":{"0":{"name":"get","decl":{"start":{"line":65,"column":4},"end":{"line":70,"column":6}},"loc":{"start":{"line":65,"column":4},"end":{"line":70,"column":6}},"line":65},"1":{"name":"ownKeys","decl":{"start":{"line":71,"column":4},"end":{"line":73,"column":6}},"loc":{"start":{"line":71,"column":4},"end":{"line":73,"column":6}},"line":71},"2":{"name":"getOwnPropertyDescriptor","decl":{"start":{"line":74,"column":4},"end":{"line":76,"column":6}},"loc":{"start":{"line":74,"column":4},"end":{"line":76,"column":6}},"line":74},"3":{"name":"<instance_members_initializer>","decl":{"start":{"line":100,"column":17},"end":{"line":303,"column":1}},"loc":{"start":{"line":100,"column":17},"end":{"line":303,"column":1}},"line":100},"4":{"name":"init","decl":{"start":{"line":112,"column":2},"end":{"line":128,"column":3}},"loc":{"start":{"line":112,"column":2},"end":{"line":128,"column":3}},"line":112},"5":{"name":"_setTagLevel","decl":{"start":{"line":135,"column":10},"end":{"line":154,"column":3}},"loc":{"start":{"line":135,"column":10},"end":{"line":154,"column":3}},"line":135},"6":{"name":"setEnhancedCallback","decl":{"start":{"line":160,"column":2},"end":{"line":163,"column":3}},"loc":{"start":{"line":160,"column":2},"end":{"line":163,"column":3}},"line":160},"7":{"name":"_shouldLog","decl":{"start":{"line":170,"column":10},"end":{"line":183,"column":3}},"loc":{"start":{"line":170,"column":10},"end":{"line":183,"column":3}},"line":170},"8":{"name":"_log","decl":{"start":{"line":188,"column":10},"end":{"line":227,"column":3}},"loc":{"start":{"line":188,"column":10},"end":{"line":227,"column":3}},"line":188},"9":{"name":"debug","decl":{"start":{"line":233,"column":9},"end":{"line":236,"column":3}},"loc":{"start":{"line":233,"column":9},"end":{"line":236,"column":3}},"line":233},"10":{"name":"error","decl":{"start":{"line":242,"column":9},"end":{"line":245,"column":3}},"loc":{"start":{"line":242,"column":9},"end":{"line":245,"column":3}},"line":242},"11":{"name":"info","decl":{"start":{"line":251,"column":9},"end":{"line":254,"column":3}},"loc":{"start":{"line":251,"column":9},"end":{"line":254,"column":3}},"line":251},"12":{"name":"log","decl":{"start":{"line":260,"column":9},"end":{"line":263,"column":3}},"loc":{"start":{"line":260,"column":9},"end":{"line":263,"column":3}},"line":260},"13":{"name":"trace","decl":{"start":{"line":269,"column":9},"end":{"line":272,"column":3}},"loc":{"start":{"line":269,"column":9},"end":{"line":272,"column":3}},"line":269},"14":{"name":"warn","decl":{"start":{"line":278,"column":9},"end":{"line":281,"column":3}},"loc":{"start":{"line":278,"column":9},"end":{"line":281,"column":3}},"line":278},"15":{"name":"isLevelEnabled","decl":{"start":{"line":288,"column":9},"end":{"line":292,"column":3}},"loc":{"start":{"line":288,"column":9},"end":{"line":292,"column":3}},"line":288},"16":{"name":"reset","decl":{"start":{"line":297,"column":9},"end":{"line":302,"column":3}},"loc":{"start":{"line":297,"column":9},"end":{"line":302,"column":3}},"line":297}},"f":{"0":16,"1":3,"2":22,"3":1,"4":33,"5":99,"6":2,"7":41,"8":32,"9":4,"10":4,"11":16,"12":1,"13":3,"14":4,"15":14,"16":2}}
}
