{"C:\\missionlog\\src\\index.ts": {"path":"C:\\missionlog\\src\\index.ts","statementMap":{"0":{"start":{"line":8,"column":0},"end":{"line":8,"column":null}},"1":{"start":{"line":9,"column":2},"end":{"line":9,"column":null}},"2":{"start":{"line":10,"column":2},"end":{"line":10,"column":null}},"3":{"start":{"line":11,"column":2},"end":{"line":11,"column":null}},"4":{"start":{"line":12,"column":2},"end":{"line":12,"column":null}},"5":{"start":{"line":13,"column":2},"end":{"line":13,"column":null}},"6":{"start":{"line":14,"column":2},"end":{"line":14,"column":null}},"7":{"start":{"line":17,"column":0},"end":{"line":17,"column":null}},"8":{"start":{"line":18,"column":2},"end":{"line":18,"column":null}},"9":{"start":{"line":19,"column":2},"end":{"line":19,"column":null}},"10":{"start":{"line":20,"column":2},"end":{"line":20,"column":null}},"11":{"start":{"line":21,"column":2},"end":{"line":21,"column":null}},"12":{"start":{"line":22,"column":2},"end":{"line":22,"column":null}},"13":{"start":{"line":23,"column":2},"end":{"line":23,"column":null}},"14":{"start":{"line":35,"column":20},"end":{"line":35,"column":29}},"15":{"start":{"line":36,"column":20},"end":{"line":36,"column":37}},"16":{"start":{"line":38,"column":13},"end":{"line":54,"column":2}},"17":{"start":{"line":42,"column":6},"end":{"line":44,"column":7}},"18":{"start":{"line":43,"column":8},"end":{"line":43,"column":20}},"19":{"start":{"line":45,"column":6},"end":{"line":45,"column":23}},"20":{"start":{"line":48,"column":6},"end":{"line":48,"column":37}},"21":{"start":{"line":51,"column":6},"end":{"line":51,"column":54}},"22":{"start":{"line":56,"column":22},"end":{"line":63,"column":2}},"23":{"start":{"line":66,"column":33},"end":{"line":66,"column":43}},"24":{"start":{"line":67,"column":35},"end":{"line":67,"column":59}},"25":{"start":{"line":71,"column":4},"end":{"line":92,"column":5}},"26":{"start":{"line":72,"column":6},"end":{"line":91,"column":7}},"27":{"start":{"line":73,"column":25},"end":{"line":73,"column":51}},"28":{"start":{"line":75,"column":8},"end":{"line":90,"column":9}},"29":{"start":{"line":76,"column":25},"end":{"line":76,"column":77}},"30":{"start":{"line":78,"column":10},"end":{"line":83,"column":11}},"31":{"start":{"line":79,"column":12},"end":{"line":79,"column":39}},"32":{"start":{"line":81,"column":12},"end":{"line":81,"column":45}},"33":{"start":{"line":82,"column":12},"end":{"line":82,"column":33}},"34":{"start":{"line":85,"column":10},"end":{"line":87,"column":12}},"35":{"start":{"line":88,"column":10},"end":{"line":88,"column":49}},"36":{"start":{"line":89,"column":10},"end":{"line":89,"column":31}},"37":{"start":{"line":94,"column":4},"end":{"line":96,"column":5}},"38":{"start":{"line":95,"column":6},"end":{"line":95,"column":32}},"39":{"start":{"line":98,"column":4},"end":{"line":98,"column":16}},"40":{"start":{"line":102,"column":4},"end":{"line":102,"column":32}},"41":{"start":{"line":102,"column":25},"end":{"line":102,"column":32}},"42":{"start":{"line":107,"column":4},"end":{"line":114,"column":5}},"43":{"start":{"line":108,"column":6},"end":{"line":108,"column":25}},"44":{"start":{"line":109,"column":6},"end":{"line":109,"column":40}},"45":{"start":{"line":110,"column":6},"end":{"line":110,"column":47}},"46":{"start":{"line":112,"column":6},"end":{"line":112,"column":15}},"47":{"start":{"line":113,"column":6},"end":{"line":113,"column":29}},"48":{"start":{"line":116,"column":4},"end":{"line":116,"column":25}},"49":{"start":{"line":116,"column":18},"end":{"line":116,"column":25}},"50":{"start":{"line":118,"column":27},"end":{"line":118,"column":89}},"51":{"start":{"line":119,"column":4},"end":{"line":119,"column":39}},"52":{"start":{"line":119,"column":32},"end":{"line":119,"column":39}},"53":{"start":{"line":121,"column":4},"end":{"line":126,"column":6}},"54":{"start":{"line":125,"column":39},"end":{"line":125,"column":58}},"55":{"start":{"line":130,"column":4},"end":{"line":130,"column":59}},"56":{"start":{"line":134,"column":4},"end":{"line":134,"column":60}},"57":{"start":{"line":138,"column":4},"end":{"line":138,"column":60}},"58":{"start":{"line":142,"column":4},"end":{"line":142,"column":59}},"59":{"start":{"line":146,"column":4},"end":{"line":146,"column":60}},"60":{"start":{"line":150,"column":4},"end":{"line":150,"column":59}},"61":{"start":{"line":65,"column":0},"end":{"line":65,"column":13}},"62":{"start":{"line":154,"column":13},"end":{"line":154,"column":29}}},"fnMap":{"0":{"name":"(anonymous_0)","decl":{"start":{"line":8,"column":0},"end":{"line":8,"column":5}},"loc":{"start":{"line":8,"column":10},"end":{"line":15,"column":1}}},"1":{"name":"(anonymous_1)","decl":{"start":{"line":17,"column":0},"end":{"line":17,"column":12}},"loc":{"start":{"line":17,"column":20},"end":{"line":24,"column":1}}},"2":{"name":"(anonymous_2)","decl":{"start":{"line":41,"column":4},"end":{"line":41,"column":7}},"loc":{"start":{"line":41,"column":23},"end":{"line":46,"column":5}}},"3":{"name":"(anonymous_3)","decl":{"start":{"line":47,"column":4},"end":{"line":47,"column":11}},"loc":{"start":{"line":47,"column":11},"end":{"line":49,"column":5}}},"4":{"name":"(anonymous_4)","decl":{"start":{"line":50,"column":4},"end":{"line":50,"column":28}},"loc":{"start":{"line":50,"column":28},"end":{"line":52,"column":5}}},"5":{"name":"(anonymous_5)","decl":{"start":{"line":70,"column":2},"end":{"line":70,"column":6}},"loc":{"start":{"line":70,"column":69},"end":{"line":99,"column":3}}},"6":{"name":"(anonymous_6)","decl":{"start":{"line":101,"column":10},"end":{"line":101,"column":14}},"loc":{"start":{"line":101,"column":80},"end":{"line":127,"column":3}}},"7":{"name":"(anonymous_7)","decl":{"start":{"line":125,"column":28},"end":{"line":125,"column":29}},"loc":{"start":{"line":125,"column":39},"end":{"line":125,"column":58}}},"8":{"name":"(anonymous_8)","decl":{"start":{"line":129,"column":9},"end":{"line":129,"column":12}},"loc":{"start":{"line":129,"column":64},"end":{"line":131,"column":3}}},"9":{"name":"(anonymous_9)","decl":{"start":{"line":133,"column":9},"end":{"line":133,"column":14}},"loc":{"start":{"line":133,"column":66},"end":{"line":135,"column":3}}},"10":{"name":"(anonymous_10)","decl":{"start":{"line":137,"column":9},"end":{"line":137,"column":14}},"loc":{"start":{"line":137,"column":66},"end":{"line":139,"column":3}}},"11":{"name":"(anonymous_11)","decl":{"start":{"line":141,"column":9},"end":{"line":141,"column":13}},"loc":{"start":{"line":141,"column":65},"end":{"line":143,"column":3}}},"12":{"name":"(anonymous_12)","decl":{"start":{"line":145,"column":9},"end":{"line":145,"column":14}},"loc":{"start":{"line":145,"column":66},"end":{"line":147,"column":3}}},"13":{"name":"(anonymous_13)","decl":{"start":{"line":149,"column":9},"end":{"line":149,"column":13}},"loc":{"start":{"line":149,"column":65},"end":{"line":151,"column":3}}}},"branchMap":{"0":{"loc":{"start":{"line":8,"column":5},"end":{"line":8,"column":null}},"type":"binary-expr","locations":[{"start":{"line":8,"column":5},"end":{"line":8,"column":10}},{"start":{"line":8,"column":5},"end":{"line":8,"column":null}}]},"1":{"loc":{"start":{"line":17,"column":12},"end":{"line":17,"column":null}},"type":"binary-expr","locations":[{"start":{"line":17,"column":12},"end":{"line":17,"column":20}},{"start":{"line":17,"column":20},"end":{"line":17,"column":null}}]},"2":{"loc":{"start":{"line":42,"column":6},"end":{"line":44,"column":7}},"type":"if","locations":[{"start":{"line":42,"column":6},"end":{"line":44,"column":7}}]},"3":{"loc":{"start":{"line":42,"column":10},"end":{"line":42,"column":59}},"type":"binary-expr","locations":[{"start":{"line":42,"column":10},"end":{"line":42,"column":34}},{"start":{"line":42,"column":38},"end":{"line":42,"column":59}}]},"4":{"loc":{"start":{"line":71,"column":4},"end":{"line":92,"column":5}},"type":"if","locations":[{"start":{"line":71,"column":4},"end":{"line":92,"column":5}}]},"5":{"loc":{"start":{"line":75,"column":8},"end":{"line":90,"column":9}},"type":"if","locations":[{"start":{"line":75,"column":8},"end":{"line":90,"column":9}},{"start":{"line":84,"column":15},"end":{"line":90,"column":9}}]},"6":{"loc":{"start":{"line":78,"column":10},"end":{"line":83,"column":11}},"type":"if","locations":[{"start":{"line":78,"column":10},"end":{"line":83,"column":11}},{"start":{"line":80,"column":17},"end":{"line":83,"column":11}}]},"7":{"loc":{"start":{"line":94,"column":4},"end":{"line":96,"column":5}},"type":"if","locations":[{"start":{"line":94,"column":4},"end":{"line":96,"column":5}}]},"8":{"loc":{"start":{"line":102,"column":4},"end":{"line":102,"column":32}},"type":"if","locations":[{"start":{"line":102,"column":4},"end":{"line":102,"column":32}}]},"9":{"loc":{"start":{"line":107,"column":4},"end":{"line":114,"column":5}},"type":"if","locations":[{"start":{"line":107,"column":4},"end":{"line":114,"column":5}},{"start":{"line":111,"column":11},"end":{"line":114,"column":5}}]},"10":{"loc":{"start":{"line":107,"column":8},"end":{"line":107,"column":73}},"type":"binary-expr","locations":[{"start":{"line":107,"column":8},"end":{"line":107,"column":40}},{"start":{"line":107,"column":44},"end":{"line":107,"column":73}}]},"11":{"loc":{"start":{"line":109,"column":16},"end":{"line":109,"column":39}},"type":"binary-expr","locations":[{"start":{"line":109,"column":16},"end":{"line":109,"column":33}},{"start":{"line":109,"column":37},"end":{"line":109,"column":39}}]},"12":{"loc":{"start":{"line":116,"column":4},"end":{"line":116,"column":25}},"type":"if","locations":[{"start":{"line":116,"column":4},"end":{"line":116,"column":25}}]},"13":{"loc":{"start":{"line":118,"column":27},"end":{"line":118,"column":89}},"type":"binary-expr","locations":[{"start":{"line":118,"column":27},"end":{"line":118,"column":67}},{"start":{"line":118,"column":71},"end":{"line":118,"column":89}}]},"14":{"loc":{"start":{"line":118,"column":48},"end":{"line":118,"column":66}},"type":"binary-expr","locations":[{"start":{"line":118,"column":48},"end":{"line":118,"column":51}},{"start":{"line":118,"column":55},"end":{"line":118,"column":66}}]},"15":{"loc":{"start":{"line":119,"column":4},"end":{"line":119,"column":39}},"type":"if","locations":[{"start":{"line":119,"column":4},"end":{"line":119,"column":39}}]}},"s":{"0":1,"1":1,"2":1,"3":1,"4":1,"5":1,"6":1,"7":1,"8":1,"9":1,"10":1,"11":1,"12":1,"13":1,"14":1,"15":1,"16":1,"17":6,"18":5,"19":1,"20":1,"21":9,"22":1,"23":1,"24":1,"25":18,"26":18,"27":52,"28":52,"29":51,"30":51,"31":15,"32":36,"33":36,"34":1,"35":1,"36":1,"37":18,"38":3,"39":18,"40":27,"41":1,"42":26,"43":5,"44":5,"45":5,"46":21,"47":21,"48":26,"49":1,"50":25,"51":25,"52":9,"53":16,"54":3,"55":2,"56":3,"57":4,"58":11,"59":3,"60":4,"61":1,"62":1},"f":{"0":1,"1":1,"2":6,"3":1,"4":9,"5":18,"6":27,"7":3,"8":2,"9":3,"10":4,"11":11,"12":3,"13":4},"b":{"0":[1,1],"1":[1,1],"2":[5],"3":[6,6],"4":[18],"5":[51,1],"6":[15,36],"7":[3],"8":[1],"9":[5,21],"10":[26,26],"11":[5,1],"12":[1],"13":[25,21],"14":[25,21],"15":[9]}}
}
