TN:
SF:src/index.ts
FN:59,get
FN:65,ownKeys
FN:68,getOwnPropertyDescriptor
FN:101,<instance_members_initializer>
FN:113,init
FN:133,_setTagLevel
FN:155,_shouldLog
FN:178,_log
FN:212,debug
FN:223,error
FN:234,info
FN:245,log
FN:256,trace
FN:267,warn
FN:278,isLevelEnabled
FN:289,isDebugEnabled
FN:298,isTraceEnabled
FN:306,reset
FNF:18
FNH:18
FNDA:23,get
FNDA:5,ownKeys
FNDA:21,getOwnPropertyDescriptor
FNDA:1,<instance_members_initializer>
FNDA:44,init
FNDA:123,_setTagLevel
FNDA:57,_shouldLog
FNDA:50,_log
FNDA:6,debug
FNDA:6,error
FNDA:26,info
FNDA:1,log
FNDA:4,trace
FNDA:7,warn
FNDA:27,isLevelEnabled
FNDA:4,isDebugEnabled
FNDA:4,isTraceEnabled
FNDA:10,reset
DA:1,1
DA:13,1
DA:14,1
DA:15,1
DA:16,1
DA:17,1
DA:18,1
DA:19,1
DA:25,1
DA:26,1
DA:27,1
DA:28,1
DA:29,1
DA:30,1
DA:31,1
DA:49,1
DA:50,1
DA:56,1
DA:57,1
DA:58,1
DA:59,1
DA:60,23
DA:61,18
DA:62,18
DA:63,5
DA:64,23
DA:65,1
DA:66,5
DA:67,5
DA:68,1
DA:69,21
DA:70,21
DA:71,1
DA:72,1
DA:75,1
DA:76,1
DA:77,1
DA:78,1
DA:79,1
DA:80,1
DA:81,1
DA:82,1
DA:85,1
DA:86,1
DA:87,1
DA:88,1
DA:89,1
DA:90,1
DA:91,1
DA:92,1
DA:94,1
DA:95,1
DA:96,1
DA:101,1
DA:102,1
DA:103,1
DA:104,1
DA:105,1
DA:113,1
DA:114,44
DA:116,44
DA:117,43
DA:118,123
DA:119,123
DA:120,123
DA:121,43
DA:123,44
DA:124,9
DA:125,9
DA:127,44
DA:128,44
DA:133,1
DA:134,123
DA:136,123
DA:137,122
DA:138,38
DA:139,122
DA:140,84
DA:141,84
DA:142,84
DA:143,123
DA:144,1
DA:145,1
DA:146,1
DA:147,1
DA:148,1
DA:149,1
DA:150,123
DA:155,1
DA:156,57
DA:157,57
DA:158,43
DA:159,43
DA:160,43
DA:162,57
DA:163,57
DA:164,57
DA:165,5
DA:166,5
DA:168,57
DA:169,57
DA:171,57
DA:172,57
DA:173,57
DA:178,1
DA:179,50
DA:181,33
DA:182,33
DA:183,33
DA:185,50
DA:186,10
DA:187,10
DA:188,10
DA:189,50
DA:190,23
DA:191,23
DA:192,23
DA:193,23
DA:195,50
DA:196,31
DA:198,50
DA:200,50
DA:202,50
DA:203,50
DA:204,50
DA:212,1
DA:213,6
DA:214,6
DA:215,6
DA:223,1
DA:224,6
DA:225,6
DA:226,6
DA:234,1
DA:235,26
DA:236,26
DA:237,26
DA:245,1
DA:246,1
DA:247,1
DA:248,1
DA:256,1
DA:257,4
DA:258,4
DA:259,4
DA:267,1
DA:268,7
DA:269,7
DA:270,7
DA:278,1
DA:279,27
DA:280,27
DA:281,26
DA:282,27
DA:289,1
DA:290,4
DA:291,4
DA:298,1
DA:299,4
DA:300,4
DA:306,1
DA:307,10
DA:308,10
DA:309,10
DA:310,10
DA:311,10
DA:312,10
DA:313,10
DA:314,1
DA:317,1
LF:170
LH:170
BRDA:13,0,0,1
BRDA:25,1,0,1
BRDA:59,2,0,23
BRDA:60,3,0,22
BRDA:60,4,0,18
BRDA:62,5,0,5
BRDA:65,6,0,5
BRDA:68,7,0,21
BRDA:101,8,0,1
BRDA:113,9,0,44
BRDA:116,10,0,43
BRDA:117,11,0,123
BRDA:123,12,0,9
BRDA:133,13,0,123
BRDA:136,14,0,122
BRDA:137,15,0,38
BRDA:139,16,0,84
BRDA:143,17,0,1
BRDA:155,18,0,57
BRDA:157,19,0,43
BRDA:162,20,0,1
BRDA:164,21,0,5
BRDA:166,22,0,52
BRDA:168,23,0,39
BRDA:178,24,0,50
BRDA:179,25,0,34
BRDA:179,26,0,17
BRDA:179,27,0,33
BRDA:185,28,0,10
BRDA:189,29,0,23
BRDA:193,30,0,33
BRDA:195,31,0,31
BRDA:195,32,0,2
BRDA:195,33,0,31
BRDA:196,34,0,9
BRDA:196,35,0,22
BRDA:198,36,0,5
BRDA:198,37,0,17
BRDA:202,38,0,15
BRDA:202,39,0,7
BRDA:198,40,0,9
BRDA:212,41,0,6
BRDA:223,42,0,6
BRDA:234,43,0,26
BRDA:245,44,0,1
BRDA:256,45,0,4
BRDA:267,46,0,7
BRDA:278,47,0,27
BRDA:280,48,0,1
BRDA:280,49,0,26
BRDA:289,50,0,4
BRDA:298,51,0,4
BRDA:306,52,0,10
BRF:53
BRH:53
end_of_record
