TN:
SF:src/index.ts
FN:65,get
FN:71,ownKeys
FN:74,getOwnPropertyDescriptor
FN:100,<instance_members_initializer>
FN:112,init
FN:135,_setTagLevel
FN:160,setEnhancedCallback
FN:170,_shouldLog
FN:188,_log
FN:233,debug
FN:242,error
FN:251,info
FN:260,log
FN:269,trace
FN:278,warn
FN:288,isLevelEnabled
FN:299,isDebugEnabled
FN:308,isTraceEnabled
FN:315,reset
FNF:19
FNH:19
FNDA:16,get
FNDA:3,ownKeys
FNDA:22,getOwnPropertyDescriptor
FNDA:1,<instance_members_initializer>
FNDA:37,init
FNDA:111,_setTagLevel
FNDA:2,setEnhancedCallback
FNDA:49,_shouldLog
FNDA:32,_log
FNDA:4,debug
FNDA:4,error
FNDA:16,info
FNDA:1,log
FNDA:3,trace
FNDA:4,warn
FNDA:22,isLevelEnabled
FNDA:4,isDebugEnabled
FNDA:4,isTraceEnabled
FNDA:2,reset
DA:1,1
DA:19,1
DA:20,1
DA:21,1
DA:22,1
DA:23,1
DA:24,1
DA:25,1
DA:28,1
DA:29,1
DA:30,1
DA:31,1
DA:32,1
DA:33,1
DA:34,1
DA:55,1
DA:56,1
DA:62,1
DA:63,1
DA:64,1
DA:65,1
DA:66,16
DA:67,14
DA:68,14
DA:69,2
DA:70,16
DA:71,1
DA:72,3
DA:73,3
DA:74,1
DA:75,22
DA:76,22
DA:77,1
DA:78,1
DA:81,1
DA:82,1
DA:83,1
DA:84,1
DA:85,1
DA:86,1
DA:87,1
DA:88,1
DA:91,1
DA:92,1
DA:93,1
DA:94,1
DA:95,1
DA:96,1
DA:97,1
DA:98,1
DA:100,1
DA:101,1
DA:102,1
DA:103,1
DA:104,1
DA:105,1
DA:112,1
DA:114,37
DA:116,37
DA:117,36
DA:118,111
DA:119,111
DA:120,111
DA:121,36
DA:123,37
DA:124,3
DA:125,3
DA:127,37
DA:128,37
DA:135,1
DA:137,111
DA:139,111
DA:140,110
DA:141,32
DA:142,110
DA:143,78
DA:144,78
DA:145,78
DA:146,111
DA:147,1
DA:148,1
DA:149,1
DA:151,1
DA:152,1
DA:153,1
DA:154,111
DA:160,1
DA:161,2
DA:162,2
DA:163,2
DA:170,1
DA:172,49
DA:173,49
DA:174,1
DA:175,1
DA:177,49
DA:178,49
DA:181,49
DA:182,49
DA:183,49
DA:188,1
DA:189,32
DA:190,31
DA:192,30
DA:193,30
DA:196,32
DA:197,9
DA:198,9
DA:199,9
DA:200,32
DA:201,21
DA:202,21
DA:205,32
DA:206,28
DA:209,19
DA:210,19
DA:213,32
DA:214,17
DA:215,17
DA:218,32
DA:219,2
DA:220,2
DA:221,2
DA:222,2
DA:223,2
DA:224,2
DA:225,2
DA:226,2
DA:227,32
DA:233,1
DA:234,4
DA:235,4
DA:236,4
DA:242,1
DA:243,4
DA:244,4
DA:245,4
DA:251,1
DA:252,16
DA:253,16
DA:254,16
DA:260,1
DA:261,1
DA:262,1
DA:263,1
DA:269,1
DA:270,3
DA:271,3
DA:272,3
DA:278,1
DA:279,4
DA:280,4
DA:281,4
DA:288,1
DA:289,22
DA:290,22
DA:291,21
DA:292,22
DA:299,1
DA:300,4
DA:301,4
DA:308,1
DA:309,4
DA:310,4
DA:315,1
DA:316,2
DA:317,2
DA:318,2
DA:319,2
DA:320,2
DA:321,1
DA:323,1
LF:172
LH:172
BRDA:19,0,0,1
BRDA:28,1,0,1
BRDA:65,2,0,16
BRDA:66,3,0,15
BRDA:66,4,0,14
BRDA:68,5,0,2
BRDA:71,6,0,3
BRDA:74,7,0,22
BRDA:100,8,0,1
BRDA:112,9,0,37
BRDA:116,10,0,36
BRDA:117,11,0,111
BRDA:123,12,0,3
BRDA:135,13,0,111
BRDA:139,14,0,110
BRDA:140,15,0,32
BRDA:142,16,0,78
BRDA:146,17,0,1
BRDA:160,18,0,2
BRDA:170,19,0,49
BRDA:172,20,0,21
BRDA:173,21,0,1
BRDA:175,22,0,48
BRDA:177,23,0,21
BRDA:177,24,0,35
BRDA:188,25,0,32
BRDA:189,26,0,3
BRDA:189,27,0,1
BRDA:189,28,0,31
BRDA:190,29,0,1
BRDA:190,30,0,30
BRDA:196,31,0,9
BRDA:198,32,0,2
BRDA:200,33,0,21
BRDA:202,34,0,30
BRDA:205,35,0,2
BRDA:205,36,0,28
BRDA:206,37,0,9
BRDA:206,38,0,19
BRDA:213,39,0,17
BRDA:215,40,0,18
BRDA:218,41,0,2
BRDA:209,42,0,11
BRDA:233,43,0,4
BRDA:242,44,0,4
BRDA:251,45,0,16
BRDA:260,46,0,1
BRDA:269,47,0,3
BRDA:278,48,0,4
BRDA:288,49,0,22
BRDA:290,50,0,1
BRDA:290,51,0,21
BRDA:299,52,0,4
BRDA:308,53,0,4
BRDA:315,54,0,2
BRF:55
BRH:55
end_of_record
